<?xml version="1.0" encoding="UTF-8"?>
<!-- Generated by org.testng.reporters.JUnitReportReporter -->
<testsuite hostname="PDYOWN-49824" failures="0" tests="1" name="UseDataFromExcel" time="0.000" errors="0" timestamp="2021-12-30T19:44:55 IST" skipped="1">
  <testcase classname="UseDataFromExcel" name="printTestdata" time="0.000">
    <skipped/>
  </testcase> <!-- printTestdata -->
  <system-out/>
</testsuite> <!-- UseDataFromExcel -->
