<?xml version="1.0" encoding="UTF-8"?>
<!-- Generated by org.testng.reporters.JUnitReportReporter -->
<testsuite hostname="PDYOWN-49824" failures="0" tests="1" name="edu.learning.Ajio" time="39.909" errors="0" timestamp="2021-12-30T21:27:45 IST" skipped="0">
  <testcase classname="edu.learning.Ajio" name="method" time="39.909"/>
  <system-out/>
</testsuite> <!-- edu.learning.Ajio -->
