<?xml version="1.0" encoding="UTF-8"?>
<!-- Generated by org.testng.reporters.JUnitReportReporter -->
<testsuite hostname="PDYOWN-49824" failures="0" tests="1" name="edu.learning.Myntra" time="17.102" errors="0" timestamp="2022-01-14T21:27:39 IST" skipped="0">
  <testcase classname="edu.learning.Myntra" name="driver" time="17.102"/>
  <system-out/>
</testsuite> <!-- edu.learning.Myntra -->
