<?xml version="1.0" encoding="UTF-8"?>
<!-- Generated by org.testng.reporters.JUnitReportReporter -->
<testsuite hostname="PDYOWN-49824" failures="0" tests="1" name="functionalcases.FirstDemoClass" time="0.014" errors="0" timestamp="2021-11-28T20:31:02 IST" skipped="0">
  <testcase classname="functionalcases.FirstDemoClass" name="method1" time="0.014"/>
  <system-out/>
</testsuite> <!-- functionalcases.FirstDemoClass -->
