<?xml version="1.0" encoding="UTF-8"?>
<!-- Generated by org.testng.reporters.JUnitReportReporter -->
<testsuite hostname="PDYOWN-49824" failures="0" tests="3" name="edu.learning.Openmrs" time="91.242" errors="0" timestamp="2022-01-14T21:23:58 IST" skipped="0">
  <testcase classname="edu.learning.Openmrs" name="login" time="37.630"/>
  <system-out/>
  <testcase classname="edu.learning.Openmrs" name="test2" time="29.067"/>
  <system-out/>
  <testcase classname="edu.learning.Openmrs" name="test3" time="24.545"/>
  <system-out/>
</testsuite> <!-- edu.learning.Openmrs -->
