<?xml version="1.0" encoding="UTF-8"?>
<!-- Generated by org.testng.reporters.JUnitReportReporter -->
<testsuite hostname="PDYOWN-49824" failures="0" tests="1" name="edu.learning.Actions" time="15.683" errors="0" timestamp="2021-12-08T16:34:50 IST" skipped="0">
  <testcase classname="edu.learning.Actions" name="driver" time="15.683"/>
  <system-out/>
</testsuite> <!-- edu.learning.Actions -->
