<?xml version="1.0" encoding="UTF-8"?>
<!-- Generated by org.testng.reporters.JUnitReportReporter -->
<testsuite hostname="PDYOWN-49824" failures="0" tests="1" name="edu.learning.validPass" time="22.751" errors="0" timestamp="2021-12-14T16:51:18 IST" skipped="0">
  <testcase classname="edu.learning.validPass" name="workingElement" time="22.751"/>
  <system-out/>
</testsuite> <!-- edu.learning.validPass -->
