<?xml version="1.0" encoding="UTF-8"?>
<!-- Generated by org.testng.reporters.JUnitReportReporter -->
<testsuite hostname="PDYOWN-49824" failures="0" tests="1" name="edu.learning.windowHandingExample" time="100.549" errors="0" timestamp="2021-12-07T11:24:49 IST" skipped="0">
  <testcase classname="edu.learning.windowHandingExample" name="windowsHandling" time="100.549"/>
  <system-out/>
</testsuite> <!-- edu.learning.windowHandingExample -->
