<?xml version="1.0" encoding="UTF-8"?>
<!-- Generated by org.testng.reporters.JUnitReportReporter -->
<testsuite hostname="PDYOWN-49824" failures="0" tests="1" name="edu.learning.AtbeforeMethod" time="23.881" errors="0" timestamp="2021-12-08T18:03:33 IST" skipped="0">
  <testcase classname="edu.learning.AtbeforeMethod" name="executeTestCase" time="23.881"/>
  <system-out/>
</testsuite> <!-- edu.learning.AtbeforeMethod -->
