<?xml version="1.0" encoding="UTF-8"?>
<!-- Generated by org.testng.reporters.JUnitReportReporter -->
<testsuite hostname="PDYOWN-49824" failures="0" tests="1" name="edu.learning.invalidPass" time="21.054" errors="0" timestamp="2021-12-02T09:19:19 IST" skipped="0">
  <testcase classname="edu.learning.invalidPass" name="workingElement" time="21.054"/>
  <system-out/>
</testsuite> <!-- edu.learning.invalidPass -->
